<?xml version="1.0" encoding="UTF-8"?>
<!-- Generated by org.testng.reporters.JUnitXMLReporter -->
<testsuite hostname="LAPTOP-FVJPVCFC" name="Free CRM App Test Cases" tests="5" failures="0" timestamp="3 Jun 2019 16:06:19 GMT" time="105.144" errors="0">
  <testcase name="homepageTitleTest" time="0.022" classname="com.crm.qa.testcases.HomePagesTest"/>
  <testcase name="logoimageTest" time="0.25" classname="com.crm.qa.testcases.HomePagesTest"/>
  <testcase name="searchTermTest" time="4.706" classname="com.crm.qa.testcases.HomePagesTest"/>
  <testcase name="checkTheSearchTerm" time="0.051" classname="com.crm.qa.testcases.ResultsPageTest"/>
  <testcase name="firstSearchResult" time="0.084" classname="com.crm.qa.testcases.ResultsPageTest"/>
</testsuite> <!-- Free CRM App Test Cases -->
