<?xml version="1.0" encoding="UTF-8"?>
<!-- Generated by org.testng.reporters.JUnitXMLReporter -->
<testsuite hostname="LAPTOP-FVJPVCFC" name="Command line test" tests="5" failures="0" timestamp="8 Jun 2019 12:33:22 GMT" time="110.553" errors="0">
  <testcase name="checkTheSearchTerm" time="0.166" classname="com.crm.qa.testcases.ResultsPageTest"/>
  <testcase name="firstSearchResult" time="0.065" classname="com.crm.qa.testcases.ResultsPageTest"/>
  <testcase name="homepageTitleTest" time="0.07" classname="com.crm.qa.testcases.HomePagesTest"/>
  <testcase name="logoimageTest" time="0.068" classname="com.crm.qa.testcases.HomePagesTest"/>
  <testcase name="searchTermTest" time="6.163" classname="com.crm.qa.testcases.HomePagesTest"/>
</testsuite> <!-- Command line test -->
