<?xml version="1.0" encoding="UTF-8" ?>
<testsuite tests="5" failures="0" name="TestSuite" time="6.532" errors="0" skipped="0">
  <properties>
[...]
</properties>
  <testcase classname="com.crm.qa.testcases.ResultsPageTest" name="checkTheSearchTerm" time="0.167"/>
  <testcase classname="com.crm.qa.testcases.ResultsPageTest" name="firstSearchResult" time="0.065"/>
  <testcase classname="com.crm.qa.testcases.HomePagesTest" name="homepageTitleTest" time="0.069"/>
  <testcase classname="com.crm.qa.testcases.HomePagesTest" name="logoimageTest" time="0.068"/>
  <testcase classname="com.crm.qa.testcases.HomePagesTest" name="searchTermTest" time="6.163"/>
</testsuite>