<?xml version="1.0" encoding="UTF-8"?>
<testng-results skipped="0" failed="0" total="5" passed="5">
  <reporter-output>
  </reporter-output>
  <suite name="Command line suite" duration-ms="110553" started-at="2019-06-08T12:31:32Z" finished-at="2019-06-08T12:33:22Z">
    <groups>
    </groups>
    <test name="Command line test" duration-ms="110553" started-at="2019-06-08T12:31:32Z" finished-at="2019-06-08T12:33:22Z">
      <class name="com.crm.qa.testcases.HomePagesTest">
        <test-method status="PASS" signature="setUp()[pri:0, instance:com.crm.qa.testcases.HomePagesTest@13fee20c]" name="setUp" is-config="true" duration-ms="14381" started-at="2019-06-08T18:02:23Z" finished-at="2019-06-08T18:02:37Z">
          <reporter-output>
          </reporter-output>
        </test-method> <!-- setUp -->
        <test-method status="PASS" signature="homepageTitleTest()[pri:0, instance:com.crm.qa.testcases.HomePagesTest@13fee20c]" name="homepageTitleTest" duration-ms="70" started-at="2019-06-08T18:02:37Z" finished-at="2019-06-08T18:02:37Z">
          <reporter-output>
          </reporter-output>
        </test-method> <!-- homepageTitleTest -->
        <test-method status="PASS" signature="tearDown()[pri:0, instance:com.crm.qa.testcases.HomePagesTest@13fee20c]" name="tearDown" is-config="true" duration-ms="864" started-at="2019-06-08T18:02:37Z" finished-at="2019-06-08T18:02:38Z">
          <reporter-output>
          </reporter-output>
        </test-method> <!-- tearDown -->
        <test-method status="PASS" signature="setUp()[pri:0, instance:com.crm.qa.testcases.HomePagesTest@13fee20c]" name="setUp" is-config="true" duration-ms="17148" started-at="2019-06-08T18:02:38Z" finished-at="2019-06-08T18:02:55Z">
          <reporter-output>
          </reporter-output>
        </test-method> <!-- setUp -->
        <test-method status="PASS" signature="logoimageTest()[pri:0, instance:com.crm.qa.testcases.HomePagesTest@13fee20c]" name="logoimageTest" duration-ms="68" started-at="2019-06-08T18:02:55Z" finished-at="2019-06-08T18:02:55Z">
          <reporter-output>
          </reporter-output>
        </test-method> <!-- logoimageTest -->
        <test-method status="PASS" signature="tearDown()[pri:0, instance:com.crm.qa.testcases.HomePagesTest@13fee20c]" name="tearDown" is-config="true" duration-ms="1213" started-at="2019-06-08T18:02:55Z" finished-at="2019-06-08T18:02:56Z">
          <reporter-output>
          </reporter-output>
        </test-method> <!-- tearDown -->
        <test-method status="PASS" signature="setUp()[pri:0, instance:com.crm.qa.testcases.HomePagesTest@13fee20c]" name="setUp" is-config="true" duration-ms="17823" started-at="2019-06-08T18:02:57Z" finished-at="2019-06-08T18:03:15Z">
          <reporter-output>
          </reporter-output>
        </test-method> <!-- setUp -->
        <test-method status="PASS" signature="searchTermTest(java.lang.String)[pri:0, instance:com.crm.qa.testcases.HomePagesTest@13fee20c]" name="searchTermTest" duration-ms="6163" started-at="2019-06-08T18:03:15Z" data-provider="getTestData" finished-at="2019-06-08T18:03:21Z">
          <params>
            <param index="0">
              <value>
                <![CDATA[Shoes]]>
              </value>
            </param>
          </params>
          <reporter-output>
          </reporter-output>
        </test-method> <!-- searchTermTest -->
        <test-method status="PASS" signature="tearDown()[pri:0, instance:com.crm.qa.testcases.HomePagesTest@13fee20c]" name="tearDown" is-config="true" duration-ms="718" started-at="2019-06-08T18:03:21Z" finished-at="2019-06-08T18:03:22Z">
          <reporter-output>
          </reporter-output>
        </test-method> <!-- tearDown -->
      </class> <!-- com.crm.qa.testcases.HomePagesTest -->
      <class name="com.crm.qa.testcases.ResultsPageTest">
        <test-method status="PASS" signature="setUp()[pri:0, instance:com.crm.qa.testcases.ResultsPageTest@3f2a3a5]" name="setUp" is-config="true" duration-ms="28570" started-at="2019-06-08T18:01:32Z" finished-at="2019-06-08T18:02:00Z">
          <reporter-output>
          </reporter-output>
        </test-method> <!-- setUp -->
        <test-method status="PASS" signature="checkTheSearchTerm()[pri:0, instance:com.crm.qa.testcases.ResultsPageTest@3f2a3a5]" name="checkTheSearchTerm" duration-ms="166" started-at="2019-06-08T18:02:00Z" finished-at="2019-06-08T18:02:00Z">
          <reporter-output>
          </reporter-output>
        </test-method> <!-- checkTheSearchTerm -->
        <test-method status="PASS" signature="tearDown()[pri:0, instance:com.crm.qa.testcases.ResultsPageTest@3f2a3a5]" name="tearDown" is-config="true" duration-ms="693" started-at="2019-06-08T18:02:00Z" finished-at="2019-06-08T18:02:01Z">
          <reporter-output>
          </reporter-output>
        </test-method> <!-- tearDown -->
        <test-method status="PASS" signature="setUp()[pri:0, instance:com.crm.qa.testcases.ResultsPageTest@3f2a3a5]" name="setUp" is-config="true" duration-ms="20684" started-at="2019-06-08T18:02:01Z" finished-at="2019-06-08T18:02:22Z">
          <reporter-output>
          </reporter-output>
        </test-method> <!-- setUp -->
        <test-method status="PASS" signature="firstSearchResult()[pri:0, instance:com.crm.qa.testcases.ResultsPageTest@3f2a3a5]" name="firstSearchResult" duration-ms="65" started-at="2019-06-08T18:02:22Z" finished-at="2019-06-08T18:02:22Z">
          <reporter-output>
          </reporter-output>
        </test-method> <!-- firstSearchResult -->
        <test-method status="PASS" signature="tearDown()[pri:0, instance:com.crm.qa.testcases.ResultsPageTest@3f2a3a5]" name="tearDown" is-config="true" duration-ms="737" started-at="2019-06-08T18:02:22Z" finished-at="2019-06-08T18:02:23Z">
          <reporter-output>
          </reporter-output>
        </test-method> <!-- tearDown -->
      </class> <!-- com.crm.qa.testcases.ResultsPageTest -->
    </test> <!-- Command line test -->
  </suite> <!-- Command line suite -->
</testng-results>
