<?xml version="1.0" encoding="UTF-8"?>
<testng-results skipped="0" failed="0" total="2" passed="2">
  <reporter-output>
  </reporter-output>
  <suite name="Default suite" duration-ms="35740" started-at="2019-06-08T07:18:24Z" finished-at="2019-06-08T07:19:00Z">
    <groups>
    </groups>
    <test name="Default test" duration-ms="35740" started-at="2019-06-08T07:18:24Z" finished-at="2019-06-08T07:19:00Z">
      <class name="com.crm.qa.testcases.ResultsPageTest">
        <test-method status="PASS" signature="setUp()[pri:0, instance:com.crm.qa.testcases.ResultsPageTest@1fbc7afb]" name="setUp" is-config="true" duration-ms="17321" started-at="2019-06-08T12:48:24Z" finished-at="2019-06-08T12:48:41Z">
          <reporter-output>
          </reporter-output>
        </test-method> <!-- setUp -->
        <test-method status="PASS" signature="checkTheSearchTerm()[pri:0, instance:com.crm.qa.testcases.ResultsPageTest@1fbc7afb]" name="checkTheSearchTerm" duration-ms="122" started-at="2019-06-08T12:48:41Z" finished-at="2019-06-08T12:48:41Z">
          <reporter-output>
          </reporter-output>
        </test-method> <!-- checkTheSearchTerm -->
        <test-method status="PASS" signature="tearDown()[pri:0, instance:com.crm.qa.testcases.ResultsPageTest@1fbc7afb]" name="tearDown" is-config="true" duration-ms="809" started-at="2019-06-08T12:48:41Z" finished-at="2019-06-08T12:48:42Z">
          <reporter-output>
          </reporter-output>
        </test-method> <!-- tearDown -->
        <test-method status="PASS" signature="setUp()[pri:0, instance:com.crm.qa.testcases.ResultsPageTest@1fbc7afb]" name="setUp" is-config="true" duration-ms="16599" started-at="2019-06-08T12:48:42Z" finished-at="2019-06-08T12:48:59Z">
          <reporter-output>
          </reporter-output>
        </test-method> <!-- setUp -->
        <test-method status="PASS" signature="firstSearchResult()[pri:0, instance:com.crm.qa.testcases.ResultsPageTest@1fbc7afb]" name="firstSearchResult" duration-ms="76" started-at="2019-06-08T12:48:59Z" finished-at="2019-06-08T12:48:59Z">
          <reporter-output>
          </reporter-output>
        </test-method> <!-- firstSearchResult -->
        <test-method status="PASS" signature="tearDown()[pri:0, instance:com.crm.qa.testcases.ResultsPageTest@1fbc7afb]" name="tearDown" is-config="true" duration-ms="798" started-at="2019-06-08T12:48:59Z" finished-at="2019-06-08T12:49:00Z">
          <reporter-output>
          </reporter-output>
        </test-method> <!-- tearDown -->
      </class> <!-- com.crm.qa.testcases.ResultsPageTest -->
    </test> <!-- Default test -->
  </suite> <!-- Default suite -->
</testng-results>
